<?xml version="1.0" encoding="UTF-8"?><testsuite errors="1" failures="0" name="Simulacion de un ahorro en Bancolombia para adquirir una moto" skipped="0" tests="6" time="248.88" timestamp="2019-01-29 09:00:04"><testcase name="Prueba a realizar - Validar que cada campo vacio sea obligatorio"/><testcase name="Prueba a realizar - Validar que en el campo Para que quieres ahorrar coincida con el archivo excel"/><testcase name="Prueba a realizar - Validar que el campo meses para alcanzar la meta funcione correctamente"/><testcase name="Prueba a realizar - Validar que el campo meses para alcanzar la meta valide el valor maximo correctamente"/><testcase name="Prueba a realizar - Validar que el campo cuanto dinero te falta para lograr tu meta genere una alerta que erronea"/><testcase name="Prueba a realizar - Generar una excepcion"><error message="El Botón aún no está habilitado" type="com.accenture.screenplaybancolombia.exceptions.ButtonException">El Botón aún no está habilitado</error><system-err>El Botón aún no está habilitado&#13;
com.accenture.screenplaybancolombia.tasks.GoTo.performAs(GoTo.java:27)&#13;
com.accenture.screenplaybancolombia.stepdefinitions.StepsDefinitions1.GenerarExcepcion(StepsDefinitions1.java:107)&#13;
cucumber.runner.Runner.runPickle(Runner.java:80)&#13;
</system-err></testcase></testsuite>